<?xml version="1.0" encoding="UTF-8"?>
<coverage generated="1748969301449" clover="3.2.0">
  <project timestamp="1748969301449" name="All files">
    <metrics statements="24" coveredstatements="24" conditionals="9" coveredconditionals="8" methods="5" coveredmethods="5" elements="38" coveredelements="37" complexity="0" loc="24" ncloc="24" packages="2" files="2" classes="2"/>
    <package name="services">
      <metrics statements="13" coveredstatements="13" conditionals="5" coveredconditionals="4" methods="4" coveredmethods="4"/>
      <file name="apiServices.js" path="/home/bowis/Desktop/Universidad/Sexto/Pruebas/P1/Handling pdf/frontend/src/services/apiServices.js">
        <metrics statements="13" coveredstatements="13" conditionals="5" coveredconditionals="4" methods="4" coveredmethods="4"/>
        <line num="3" count="1" type="stmt"/>
        <line num="4" count="1" type="stmt"/>
        <line num="6" count="1" type="stmt"/>
        <line num="8" count="1" type="stmt"/>
        <line num="9" count="1" type="stmt"/>
        <line num="13" count="1" type="stmt"/>
        <line num="14" count="1" type="stmt"/>
        <line num="18" count="1" type="stmt"/>
        <line num="19" count="1" type="stmt"/>
        <line num="23" count="2" type="cond" truecount="2" falsecount="0"/>
        <line num="24" count="2" type="cond" truecount="2" falsecount="0"/>
        <line num="25" count="2" type="stmt"/>
        <line num="26" count="2" type="stmt"/>
      </file>
    </package>
    <package name="utils">
      <metrics statements="11" coveredstatements="11" conditionals="4" coveredconditionals="4" methods="1" coveredmethods="1"/>
      <file name="handleSubmitLock.js" path="/home/bowis/Desktop/Universidad/Sexto/Pruebas/P1/Handling pdf/frontend/src/utils/handleSubmitLock.js">
        <metrics statements="11" coveredstatements="11" conditionals="4" coveredconditionals="4" methods="1" coveredmethods="1"/>
        <line num="1" count="1" type="stmt"/>
        <line num="2" count="3" type="cond" truecount="4" falsecount="0"/>
        <line num="3" count="1" type="stmt"/>
        <line num="6" count="2" type="stmt"/>
        <line num="7" count="2" type="stmt"/>
        <line num="8" count="2" type="stmt"/>
        <line num="10" count="2" type="stmt"/>
        <line num="11" count="2" type="stmt"/>
        <line num="12" count="1" type="stmt"/>
        <line num="14" count="1" type="stmt"/>
        <line num="15" count="1" type="stmt"/>
      </file>
    </package>
  </project>
</coverage>
