{"/home/bowis/Desktop/Universidad/Sexto/Pruebas/P1/Handling pdf/frontend/src/services/apiServices.js": {"path":"/home/bowis/Desktop/Universidad/Sexto/Pruebas/P1/Handling pdf/frontend/src/services/apiServices.js","statementMap":{"0":{"start":{"line":3,"column":17},"end":{"line":3,"column":40}},"1":{"start":{"line":4,"column":12},"end":{"line":4,"column":22}},"2":{"start":{"line":6,"column":27},"end":{"line":28,"column":1}},"3":{"start":{"line":8,"column":21},"end":{"line":8,"column":57}},"4":{"start":{"line":9,"column":4},"end":{"line":9,"column":90}},"5":{"start":{"line":13,"column":21},"end":{"line":13,"column":61}},"6":{"start":{"line":14,"column":4},"end":{"line":14,"column":94}},"7":{"start":{"line":18,"column":21},"end":{"line":18,"column":57}},"8":{"start":{"line":19,"column":4},"end":{"line":19,"column":89}},"9":{"start":{"line":23,"column":19},"end":{"line":23,"column":61}},"10":{"start":{"line":24,"column":21},"end":{"line":24,"column":57}},"11":{"start":{"line":25,"column":21},"end":{"line":25,"column":60}},"12":{"start":{"line":26,"column":4},"end":{"line":26,"column":86}}},"fnMap":{"0":{"name":"(anonymous_0)","decl":{"start":{"line":7,"column":12},"end":{"line":7,"column":13}},"loc":{"start":{"line":7,"column":32},"end":{"line":10,"column":3}},"line":7},"1":{"name":"(anonymous_1)","decl":{"start":{"line":12,"column":16},"end":{"line":12,"column":17}},"loc":{"start":{"line":12,"column":36},"end":{"line":15,"column":3}},"line":12},"2":{"name":"(anonymous_2)","decl":{"start":{"line":17,"column":12},"end":{"line":17,"column":13}},"loc":{"start":{"line":17,"column":32},"end":{"line":20,"column":3}},"line":17},"3":{"name":"(anonymous_3)","decl":{"start":{"line":22,"column":11},"end":{"line":22,"column":12}},"loc":{"start":{"line":22,"column":44},"end":{"line":27,"column":3}},"line":22}},"branchMap":{"0":{"loc":{"start":{"line":22,"column":28},"end":{"line":22,"column":39}},"type":"default-arg","locations":[{"start":{"line":22,"column":35},"end":{"line":22,"column":39}}],"line":22},"1":{"loc":{"start":{"line":23,"column":19},"end":{"line":23,"column":61}},"type":"cond-expr","locations":[{"start":{"line":23,"column":26},"end":{"line":23,"column":41}},{"start":{"line":23,"column":44},"end":{"line":23,"column":61}}],"line":23},"2":{"loc":{"start":{"line":24,"column":21},"end":{"line":24,"column":57}},"type":"cond-expr","locations":[{"start":{"line":24,"column":28},"end":{"line":24,"column":40}},{"start":{"line":24,"column":43},"end":{"line":24,"column":57}}],"line":24}},"s":{"0":1,"1":1,"2":1,"3":1,"4":1,"5":1,"6":1,"7":1,"8":1,"9":2,"10":2,"11":2,"12":2},"f":{"0":1,"1":1,"2":1,"3":2},"b":{"0":[0],"1":[1,1],"2":[1,1]},"_coverageSchema":"1a1c01bbd47fc00a2c39e90264f33305004495a9","hash":"19a55749beac325318b94bb307aa1561cafc6b55"}
,"/home/bowis/Desktop/Universidad/Sexto/Pruebas/P1/Handling pdf/frontend/src/utils/handleSubmitLock.js": {"path":"/home/bowis/Desktop/Universidad/Sexto/Pruebas/P1/Handling pdf/frontend/src/utils/handleSubmitLock.js","statementMap":{"0":{"start":{"line":1,"column":32},"end":{"line":17,"column":1}},"1":{"start":{"line":2,"column":2},"end":{"line":4,"column":3}},"2":{"start":{"line":3,"column":4},"end":{"line":3,"column":33}},"3":{"start":{"line":6,"column":19},"end":{"line":6,"column":33}},"4":{"start":{"line":7,"column":2},"end":{"line":7,"column":30}},"5":{"start":{"line":8,"column":2},"end":{"line":8,"column":40}},"6":{"start":{"line":10,"column":2},"end":{"line":16,"column":3}},"7":{"start":{"line":11,"column":4},"end":{"line":11,"column":38}},"8":{"start":{"line":12,"column":4},"end":{"line":12,"column":21}},"9":{"start":{"line":14,"column":4},"end":{"line":14,"column":50}},"10":{"start":{"line":15,"column":4},"end":{"line":15,"column":19}}},"fnMap":{"0":{"name":"(anonymous_0)","decl":{"start":{"line":1,"column":32},"end":{"line":1,"column":33}},"loc":{"start":{"line":1,"column":72},"end":{"line":17,"column":1}},"line":1}},"branchMap":{"0":{"loc":{"start":{"line":2,"column":2},"end":{"line":4,"column":3}},"type":"if","locations":[{"start":{"line":2,"column":2},"end":{"line":4,"column":3}},{"start":{},"end":{}}],"line":2},"1":{"loc":{"start":{"line":2,"column":6},"end":{"line":2,"column":23}},"type":"binary-expr","locations":[{"start":{"line":2,"column":6},"end":{"line":2,"column":10}},{"start":{"line":2,"column":14},"end":{"line":2,"column":23}}],"line":2}},"s":{"0":1,"1":3,"2":1,"3":2,"4":2,"5":2,"6":2,"7":2,"8":1,"9":1,"10":1},"f":{"0":3},"b":{"0":[1,2],"1":[3,2]},"_coverageSchema":"1a1c01bbd47fc00a2c39e90264f33305004495a9","hash":"c5efd68aa66b59fcc2d84971eb66130cdf438899"}
}
